<?xml version="1.0" encoding="UTF-8"?>
<!-- Generated by org.testng.reporters.JUnitXMLReporter -->
<testsuite ignored="0" hostname="DESKTOP-3OME5PL" failures="2" tests="13" name="Test" time="221.763" errors="0" timestamp="2024-04-05T14:55:51 IST">
  <testcase classname="com.PMPeople.TestClass2_SignIn.T1_Login" name="Login" time="18.427"/>
  <testcase classname="com.PMPeople.TestClass1_SignUp.T4_ChangingName_Country_FromSignUp" name="T4ChangingName_FromSignUp" time="8.554"/>
  <testcase classname="com.PMPeople.TestClass1_SignUp.T5_NewSignUp" name="Signup" time="8.038"/>
  <testcase classname="com.PMPeople.TestClass1_SignUp.T1_SignUp" name="Signup" time="18.242"/>
  <testcase classname="com.PMPeople.TestClass4_EditProfile.T1_ChangePassword" name="changePassword" time="28.182"/>
  <testcase classname="com.PMPeople.TestClass4_EditProfile.T2_ChangeName" name="changeNameUnderProfile" time="26.362"/>
  <testcase classname="com.PMPeople.TestClass1_SignUp.T2_Checking_with_negative_details" name="negativeDetails" time="8.705"/>
  <testcase classname="com.PMPeople.TestClass6_ResourceManager.T1_AddResourcePool" name="addResourcePool" time="23.71"/>
  <testcase classname="com.PMPeople.TestClass6_ResourceManager.T2_AddingExistingContractorToResourcePool" name="ddingExistingContractorToResourcePool" time="17.162">
    <failure type="org.openqa.selenium.StaleElementReferenceException" message="stale element reference: stale element not found in the current frame
  (Session info: chrome=123.0.6312.105)
For documentation on this error, please visit: https://www.selenium.dev/documentation/webdriver/troubleshooting/errors#stale-element-reference-exception
Build info: version: &amp;apos;4.18.1&amp;apos;, revision: &amp;apos;b1d3319b48&amp;apos;
System info: os.name: &amp;apos;Windows 10&amp;apos;, os.arch: &amp;apos;amd64&amp;apos;, os.version: &amp;apos;10.0&amp;apos;, java.version: &amp;apos;17.0.10&amp;apos;
Driver info: org.openqa.selenium.chrome.ChromeDriver
Command: [dfce31d0741bc12582b5858d84f844a0, clickElement {id=f.9FB7EE540121C5DE64F54D9DB227B570.d.FCB8E00BDA0574D264FBA20F66BFD489.e.2221}]
Capabilities {acceptInsecureCerts: false, browserName: chrome, browserVersion: 123.0.6312.105, chrome: {chromedriverVersion: 123.0.6312.105 (399174dbe6e..., userDataDir: C:\Users\PLUSIN~1\AppData\L...}, fedcm:accounts: true, goog:chromeOptions: {debuggerAddress: localhost:53339}, networkConnectionEnabled: false, pageLoadStrategy: normal, platformName: windows, proxy: Proxy(), se:cdp: ws://localhost:53339/devtoo..., se:cdpVersion: 123.0.6312.105, setWindowRect: true, strictFileInteractability: false, timeouts: {implicit: 0, pageLoad: 300000, script: 30000}, unhandledPromptBehavior: dismiss and notify, webauthn:extension:credBlob: true, webauthn:extension:largeBlob: true, webauthn:extension:minPinLength: true, webauthn:extension:prf: true, webauthn:virtualAuthenticators: true}
Element: [[ChromeDriver: chrome on windows (dfce31d0741bc12582b5858d84f844a0)] -&amp;gt; xpath: //button[@class=&amp;quot;btn btn-primary float-end me-3&amp;quot;]]
Session ID: dfce31d0741bc12582b5858d84f844a0">
      <![CDATA[org.openqa.selenium.StaleElementReferenceException: stale element reference: stale element not found in the current frame
  (Session info: chrome=123.0.6312.105)
For documentation on this error, please visit: https://www.selenium.dev/documentation/webdriver/troubleshooting/errors#stale-element-reference-exception
Build info: version: '4.18.1', revision: 'b1d3319b48'
System info: os.name: 'Windows 10', os.arch: 'amd64', os.version: '10.0', java.version: '17.0.10'
Driver info: org.openqa.selenium.chrome.ChromeDriver
Command: [dfce31d0741bc12582b5858d84f844a0, clickElement {id=f.9FB7EE540121C5DE64F54D9DB227B570.d.FCB8E00BDA0574D264FBA20F66BFD489.e.2221}]
Capabilities {acceptInsecureCerts: false, browserName: chrome, browserVersion: 123.0.6312.105, chrome: {chromedriverVersion: 123.0.6312.105 (399174dbe6e..., userDataDir: C:\Users\PLUSIN~1\AppData\L...}, fedcm:accounts: true, goog:chromeOptions: {debuggerAddress: localhost:53339}, networkConnectionEnabled: false, pageLoadStrategy: normal, platformName: windows, proxy: Proxy(), se:cdp: ws://localhost:53339/devtoo..., se:cdpVersion: 123.0.6312.105, setWindowRect: true, strictFileInteractability: false, timeouts: {implicit: 0, pageLoad: 300000, script: 30000}, unhandledPromptBehavior: dismiss and notify, webauthn:extension:credBlob: true, webauthn:extension:largeBlob: true, webauthn:extension:minPinLength: true, webauthn:extension:prf: true, webauthn:virtualAuthenticators: true}
Element: [[ChromeDriver: chrome on windows (dfce31d0741bc12582b5858d84f844a0)] -> xpath: //button[@class="btn btn-primary float-end me-3"]]
Session ID: dfce31d0741bc12582b5858d84f844a0
at org.openqa.selenium.remote.ErrorCodec.decode(ErrorCodec.java:167)
at org.openqa.selenium.remote.codec.w3c.W3CHttpResponseCodec.decode(W3CHttpResponseCodec.java:138)
at org.openqa.selenium.remote.codec.w3c.W3CHttpResponseCodec.decode(W3CHttpResponseCodec.java:50)
at org.openqa.selenium.remote.HttpCommandExecutor.execute(HttpCommandExecutor.java:190)
at org.openqa.selenium.remote.service.DriverCommandExecutor.invokeExecute(DriverCommandExecutor.java:216)
at org.openqa.selenium.remote.service.DriverCommandExecutor.execute(DriverCommandExecutor.java:174)
at org.openqa.selenium.remote.RemoteWebDriver.execute(RemoteWebDriver.java:519)
at org.openqa.selenium.remote.RemoteWebElement.execute(RemoteWebElement.java:223)
at org.openqa.selenium.remote.RemoteWebElement.click(RemoteWebElement.java:76)
at Resources.BaseClass.clickWithPause(BaseClass.java:56)
at com.PMPeople.TestClass6_ResourceManager.T2_AddingExistingContractorToResourcePool.ddingExistingContractorToResourcePool(T2_AddingExistingContractorToResourcePool.java:37)
at java.base/java.util.ArrayList.forEach(ArrayList.java:1511)
... Removed 32 stack frames]]>
    </failure>
  </testcase> <!-- ddingExistingContractorToResourcePool -->
  <testcase classname="com.PMPeople.TestClass5_DeactivateAccount.T1_DeactivateAccount" name="deactivate" time="17.752">
    <failure type="org.openqa.selenium.ElementClickInterceptedException" message="element click intercepted: Element &amp;lt;button type=&amp;quot;&amp;quot; class=&amp;quot;btn btn-primary&amp;quot; disabled=&amp;quot;&amp;quot;&amp;gt;...&amp;lt;/button&amp;gt; is not clickable at point (208, 289). Other element would receive the click: &amp;lt;div class=&amp;quot;mt-2&amp;quot;&amp;gt;...&amp;lt;/div&amp;gt;
  (Session info: chrome=123.0.6312.105)
Build info: version: &amp;apos;4.18.1&amp;apos;, revision: &amp;apos;b1d3319b48&amp;apos;
System info: os.name: &amp;apos;Windows 10&amp;apos;, os.arch: &amp;apos;amd64&amp;apos;, os.version: &amp;apos;10.0&amp;apos;, java.version: &amp;apos;17.0.10&amp;apos;
Driver info: org.openqa.selenium.chrome.ChromeDriver
Command: [6e7a59d531c36ad94d70e9fab5c92df2, clickElement {id=f.B8B5F25013D152D55E6B97177B5AD64B.d.359900E35E75EBFD24AFA2AB1EF14DA4.e.2254}]
Capabilities {acceptInsecureCerts: false, browserName: chrome, browserVersion: 123.0.6312.105, chrome: {chromedriverVersion: 123.0.6312.105 (399174dbe6e..., userDataDir: C:\Users\PLUSIN~1\AppData\L...}, fedcm:accounts: true, goog:chromeOptions: {debuggerAddress: localhost:53395}, networkConnectionEnabled: false, pageLoadStrategy: normal, platformName: windows, proxy: Proxy(), se:cdp: ws://localhost:53395/devtoo..., se:cdpVersion: 123.0.6312.105, setWindowRect: true, strictFileInteractability: false, timeouts: {implicit: 0, pageLoad: 300000, script: 30000}, unhandledPromptBehavior: dismiss and notify, webauthn:extension:credBlob: true, webauthn:extension:largeBlob: true, webauthn:extension:minPinLength: true, webauthn:extension:prf: true, webauthn:virtualAuthenticators: true}
Element: [[ChromeDriver: chrome on windows (6e7a59d531c36ad94d70e9fab5c92df2)] -&amp;gt; xpath: //*[@id=&amp;quot;root&amp;quot;]/body/main/div[3]/div/div/div[3]/button]
Session ID: 6e7a59d531c36ad94d70e9fab5c92df2">
      <![CDATA[org.openqa.selenium.ElementClickInterceptedException: element click intercepted: Element <button type="" class="btn btn-primary" disabled="">...</button> is not clickable at point (208, 289). Other element would receive the click: <div class="mt-2">...</div>
  (Session info: chrome=123.0.6312.105)
Build info: version: '4.18.1', revision: 'b1d3319b48'
System info: os.name: 'Windows 10', os.arch: 'amd64', os.version: '10.0', java.version: '17.0.10'
Driver info: org.openqa.selenium.chrome.ChromeDriver
Command: [6e7a59d531c36ad94d70e9fab5c92df2, clickElement {id=f.B8B5F25013D152D55E6B97177B5AD64B.d.359900E35E75EBFD24AFA2AB1EF14DA4.e.2254}]
Capabilities {acceptInsecureCerts: false, browserName: chrome, browserVersion: 123.0.6312.105, chrome: {chromedriverVersion: 123.0.6312.105 (399174dbe6e..., userDataDir: C:\Users\PLUSIN~1\AppData\L...}, fedcm:accounts: true, goog:chromeOptions: {debuggerAddress: localhost:53395}, networkConnectionEnabled: false, pageLoadStrategy: normal, platformName: windows, proxy: Proxy(), se:cdp: ws://localhost:53395/devtoo..., se:cdpVersion: 123.0.6312.105, setWindowRect: true, strictFileInteractability: false, timeouts: {implicit: 0, pageLoad: 300000, script: 30000}, unhandledPromptBehavior: dismiss and notify, webauthn:extension:credBlob: true, webauthn:extension:largeBlob: true, webauthn:extension:minPinLength: true, webauthn:extension:prf: true, webauthn:virtualAuthenticators: true}
Element: [[ChromeDriver: chrome on windows (6e7a59d531c36ad94d70e9fab5c92df2)] -> xpath: //*[@id="root"]/body/main/div[3]/div/div/div[3]/button]
Session ID: 6e7a59d531c36ad94d70e9fab5c92df2
at org.openqa.selenium.remote.ErrorCodec.decode(ErrorCodec.java:167)
at org.openqa.selenium.remote.codec.w3c.W3CHttpResponseCodec.decode(W3CHttpResponseCodec.java:138)
at org.openqa.selenium.remote.codec.w3c.W3CHttpResponseCodec.decode(W3CHttpResponseCodec.java:50)
at org.openqa.selenium.remote.HttpCommandExecutor.execute(HttpCommandExecutor.java:190)
at org.openqa.selenium.remote.service.DriverCommandExecutor.invokeExecute(DriverCommandExecutor.java:216)
at org.openqa.selenium.remote.service.DriverCommandExecutor.execute(DriverCommandExecutor.java:174)
at org.openqa.selenium.remote.RemoteWebDriver.execute(RemoteWebDriver.java:519)
at org.openqa.selenium.remote.RemoteWebElement.execute(RemoteWebElement.java:223)
at org.openqa.selenium.remote.RemoteWebElement.click(RemoteWebElement.java:76)
at Resources.BaseClass.clickWithPause(BaseClass.java:56)
at com.PMPeople.TestClass5_DeactivateAccount.T1_DeactivateAccount.deactivate(T1_DeactivateAccount.java:33)
at java.base/java.util.ArrayList.forEach(ArrayList.java:1511)
... Removed 32 stack frames]]>
    </failure>
  </testcase> <!-- deactivate -->
  <testcase classname="com.PMPeople.TestClass2_SignIn.T1_Login2_demo" name="Login" time="25.339"/>
  <testcase classname="com.PMPeople.TestClass3_ForgotPassword.T1_ForgotPassword" name="forgot_password" time="12.786"/>
  <testcase classname="com.PMPeople.TestClass1_SignUp.T3_SignUp_with_registered_credentials" name="signin_with_registered_credentials" time="8.365"/>
</testsuite> <!-- Test -->
